<?xml version="1.0" encoding="UTF-8"?>
<!-- Generated by org.testng.reporters.JUnitReportReporter -->
<testsuite hostname="G" failures="0" tests="9" name="TestNG.Homepagetesting" time="362.524" errors="0" timestamp="2025-01-25T17:06:40 IST" skipped="0">
  <testcase classname="TestNG.Homepagetesting" name="navigationmenu" time="265.188"/>
  <system-out/>
  <testcase classname="TestNG.Homepagetesting" name="searchbar" time="7.626"/>
  <system-out/>
  <testcase classname="TestNG.Homepagetesting" name="programs" time="14.939"/>
  <system-out/>
  <testcase classname="TestNG.Homepagetesting" name="validateContactUs" time="3.705"/>
  <system-out/>
  <testcase classname="TestNG.Homepagetesting" name="login" time="18.202"/>
  <system-out/>
  <testcase classname="TestNG.Homepagetesting" name="register" time="18.918"/>
  <system-out/>
  <testcase classname="TestNG.Homepagetesting" name="forgotpassword" time="14.915"/>
  <system-out/>
  <testcase classname="TestNG.Homepagetesting" name="invalidpasslogin" time="8.809"/>
  <system-out/>
  <testcase classname="TestNG.Homepagetesting" name="invalidusernamelogin" time="10.222"/>
  <system-out/>
</testsuite> <!-- TestNG.Homepagetesting -->
