<?xml version="1.0" encoding="UTF-8"?>
<!-- Generated by org.testng.reporters.JUnitReportReporter -->
<testsuite hostname="G" failures="0" tests="9" name="TestNG.MainTestng" time="462.223" errors="0" timestamp="2025-01-26T16:11:47 IST" skipped="0">
  <testcase classname="TestNG.MainTestng" name="navigationmenu" time="397.795"/>
  <system-out/>
  <testcase classname="TestNG.MainTestng" name="searchbar" time="1.815"/>
  <system-out/>
  <testcase classname="TestNG.MainTestng" name="programsandservices" time="5.748"/>
  <system-out/>
  <testcase classname="TestNG.MainTestng" name="validateContactUs" time="2.549"/>
  <system-out/>
  <testcase classname="TestNG.MainTestng" name="login" time="13.245"/>
  <system-out/>
  <testcase classname="TestNG.MainTestng" name="register" time="13.561"/>
  <system-out/>
  <testcase classname="TestNG.MainTestng" name="forgotpassword" time="11.650"/>
  <system-out/>
  <testcase classname="TestNG.MainTestng" name="invalidpasslogin" time="9.302"/>
  <system-out/>
  <testcase classname="TestNG.MainTestng" name="invalidusernamelogin" time="6.558"/>
  <system-out/>
</testsuite> <!-- TestNG.MainTestng -->
